TN:
SF:src/modules/appointments/services/CreateAppointmentService.ts
FN:16,(anonymous_18)
FN:21,CreateRepositoryService
FN:32,(anonymous_20)
FNF:3
FNH:3
FNDA:1,(anonymous_18)
FNDA:5,CreateRepositoryService
FNDA:7,(anonymous_20)
DA:1,1
DA:2,1
DA:5,1
DA:16,1
DA:28,5
DA:29,5
DA:32,1
DA:33,7
DA:34,7
DA:35,7
DA:37,7
DA:38,1
DA:43,6
DA:45,6
DA:46,1
DA:49,5
DA:50,2
DA:55,3
DA:59,3
DA:60,1
DA:63,2
DA:69,2
DA:71,2
DA:75,2
DA:77,1
LF:25
LH:25
BRDA:37,0,0,1
BRDA:37,0,1,6
BRDA:45,1,0,1
BRDA:45,1,1,5
BRDA:49,2,0,2
BRDA:49,2,1,3
BRDA:49,3,0,5
BRDA:49,3,1,4
BRDA:59,4,0,1
BRDA:59,4,1,2
BRF:10
BRH:10
end_of_record
TN:
SF:src/modules/appointments/services/ListProviderAppointmentsService.ts
FN:14,(anonymous_17)
FN:17,ListProviderAppointmentsService
FN:24,(anonymous_19)
FNF:3
FNH:3
FNDA:1,(anonymous_17)
FNDA:1,ListProviderAppointmentsService
FNDA:1,(anonymous_19)
DA:1,1
DA:14,1
DA:21,1
DA:24,1
DA:25,1
DA:26,1
DA:27,1
DA:28,1
DA:30,1
DA:39,1
DA:41,1
LF:11
LH:11
BRDA:30,0,0,1
BRF:1
BRH:1
end_of_record
TN:
SF:src/modules/appointments/services/ListProviderDayAvailabilityService.ts
FN:19,(anonymous_17)
FN:22,ListDayAvailabilityService
FN:29,(anonymous_19)
FN:47,(anonymous_22)
FN:52,(anonymous_23)
FN:54,(anonymous_24)
FNF:6
FNH:6
FNDA:1,(anonymous_17)
FNDA:1,ListDayAvailabilityService
FNDA:1,(anonymous_19)
FNDA:10,(anonymous_22)
FNDA:10,(anonymous_23)
FNDA:19,(anonymous_24)
DA:1,1
DA:2,1
DA:19,1
DA:26,1
DA:29,1
DA:30,1
DA:31,1
DA:32,1
DA:33,1
DA:35,1
DA:44,1
DA:45,1
DA:47,10
DA:50,1
DA:52,1
DA:53,10
DA:54,19
DA:57,10
DA:58,10
DA:64,1
DA:66,1
LF:21
LH:21
BRDA:35,0,0,1
BRDA:60,1,0,10
BRDA:60,1,1,8
BRF:3
BRH:3
end_of_record
TN:
SF:src/modules/appointments/services/ListProviderMonthAvailabilityService.ts
FN:18,(anonymous_17)
FN:21,ListProviderMonthAvailabilityService
FN:28,(anonymous_19)
FN:45,(anonymous_22)
FN:48,(anonymous_23)
FN:50,(anonymous_24)
FNF:6
FNH:6
FNDA:1,(anonymous_17)
FNDA:1,ListProviderMonthAvailabilityService
FNDA:1,(anonymous_19)
FNDA:31,(anonymous_22)
FNDA:31,(anonymous_23)
FNDA:372,(anonymous_24)
DA:1,1
DA:2,1
DA:18,1
DA:25,1
DA:28,1
DA:29,1
DA:30,1
DA:31,1
DA:33,1
DA:41,1
DA:43,1
DA:45,31
DA:48,1
DA:49,31
DA:50,372
DA:52,31
DA:55,1
DA:57,1
LF:18
LH:18
BRDA:33,0,0,1
BRF:1
BRH:1
end_of_record
TN:
SF:src/modules/appointments/services/ListProvidersService.ts
FN:11,(anonymous_17)
FN:14,ListProvidersService
FN:21,(anonymous_19)
FNF:3
FNH:3
FNDA:1,(anonymous_17)
FNDA:1,ListProvidersService
FNDA:1,(anonymous_19)
DA:1,1
DA:11,1
DA:18,1
DA:21,1
DA:22,1
DA:26,1
DA:28,1
LF:7
LH:7
BRDA:22,0,0,1
BRF:1
BRH:1
end_of_record
TN:
SF:src/modules/users/services/AuthenticateUserService.ts
FN:23,(anonymous_18)
FN:28,AuthenticateUserService
FN:39,(anonymous_20)
FNF:3
FNH:3
FNDA:1,(anonymous_18)
FNDA:3,AuthenticateUserService
FNDA:3,(anonymous_20)
DA:1,1
DA:2,1
DA:4,1
DA:5,1
DA:23,1
DA:35,3
DA:36,3
DA:39,3
DA:40,3
DA:42,3
DA:43,1
DA:46,2
DA:51,2
DA:52,1
DA:55,1
DA:60,1
DA:62,1
LF:17
LH:17
BRDA:40,0,0,3
BRDA:42,1,0,1
BRDA:42,1,1,2
BRDA:51,2,0,1
BRDA:51,2,1,1
BRF:5
BRH:5
end_of_record
TN:
SF:src/modules/users/services/CreateUserService.ts
FN:16,(anonymous_18)
FN:21,CreateUserService
FN:32,(anonymous_20)
FNF:3
FNH:3
FNDA:2,(anonymous_18)
FNDA:5,CreateUserService
FNDA:5,(anonymous_20)
DA:1,2
DA:3,2
DA:16,2
DA:28,5
DA:29,5
DA:32,5
DA:33,5
DA:35,5
DA:36,1
DA:39,4
DA:41,4
DA:47,4
DA:49,2
LF:13
LH:13
BRDA:33,0,0,5
BRDA:35,1,0,1
BRDA:35,1,1,4
BRF:3
BRH:3
end_of_record
TN:
SF:src/modules/users/services/ResetPasswordService.ts
FN:16,(anonymous_18)
FN:23,ResetPasswordService
FN:38,(anonymous_20)
FNF:3
FNH:3
FNDA:1,(anonymous_18)
FNDA:4,ResetPasswordService
FNDA:4,(anonymous_20)
DA:1,1
DA:2,1
DA:4,1
DA:16,1
DA:33,4
DA:34,4
DA:35,4
DA:38,4
DA:39,4
DA:42,4
DA:43,1
DA:46,3
DA:47,1
DA:50,2
DA:52,2
DA:53,1
DA:56,1
DA:57,2
DA:59,1
LF:19
LH:19
BRDA:39,0,0,4
BRDA:42,1,0,1
BRDA:42,1,1,3
BRDA:46,2,0,1
BRDA:46,2,1,2
BRDA:52,3,0,1
BRDA:52,3,1,1
BRF:7
BRH:7
end_of_record
TN:
SF:src/modules/users/services/SendForgotPasswordEmailService.ts
FN:15,(anonymous_18)
FN:22,SendForgotPasswordEmailService
FN:37,(anonymous_20)
FNF:3
FNH:3
FNDA:1,(anonymous_18)
FNDA:3,SendForgotPasswordEmailService
FNDA:3,(anonymous_20)
DA:1,1
DA:2,1
DA:4,1
DA:15,1
DA:32,3
DA:33,3
DA:34,3
DA:37,1
DA:38,3
DA:40,3
DA:41,1
DA:44,2
DA:46,2
DA:53,4
DA:69,1
LF:15
LH:15
BRDA:38,0,0,3
BRDA:40,1,0,1
BRDA:40,1,1,2
BRF:3
BRH:3
end_of_record
TN:
SF:src/modules/users/services/ShowProfileService.ts
FN:13,(anonymous_18)
FN:16,ShowProfileService
FN:23,(anonymous_20)
FNF:3
FNH:3
FNDA:1,(anonymous_18)
FNDA:2,ShowProfileService
FNDA:2,(anonymous_20)
DA:1,1
DA:3,1
DA:13,1
DA:20,2
DA:23,2
DA:24,2
DA:26,2
DA:27,1
DA:30,1
DA:32,1
LF:10
LH:10
BRDA:24,0,0,2
BRDA:26,1,0,1
BRDA:26,1,1,1
BRF:3
BRH:3
end_of_record
TN:
SF:src/modules/users/services/UpdateProfileService.ts
FN:18,(anonymous_18)
FN:23,UpdateProfileService
FN:34,(anonymous_20)
FNF:3
FNH:3
FNDA:1,(anonymous_18)
FNDA:6,UpdateProfileService
FNDA:6,(anonymous_20)
DA:1,1
DA:3,1
DA:18,1
DA:30,6
DA:31,6
DA:34,1
DA:35,6
DA:36,6
DA:37,6
DA:38,6
DA:39,6
DA:41,6
DA:43,6
DA:44,1
DA:47,5
DA:49,5
DA:50,1
DA:53,4
DA:54,1
DA:57,4
DA:58,2
DA:63,2
DA:64,1
DA:67,1
DA:70,2
DA:71,2
DA:73,2
DA:75,2
DA:77,1
LF:29
LH:29
BRDA:41,0,0,6
BRDA:43,1,0,1
BRDA:43,1,1,5
BRDA:49,2,0,1
BRDA:49,2,1,4
BRDA:49,3,0,5
BRDA:49,3,1,4
BRDA:53,4,0,1
BRDA:53,4,1,3
BRDA:53,5,0,4
BRDA:53,5,1,3
BRDA:57,6,0,1
BRDA:57,6,1,2
BRDA:57,7,0,3
BRDA:57,7,1,2
BRDA:63,8,0,1
BRDA:63,8,1,1
BRF:17
BRH:17
end_of_record
TN:
SF:src/modules/users/services/UpdateUserAvatarService.ts
FN:15,(anonymous_18)
FN:20,UpdateUserAvatarService
FN:31,(anonymous_20)
FNF:3
FNH:3
FNDA:1,(anonymous_18)
FNDA:3,UpdateUserAvatarService
FNDA:4,(anonymous_20)
DA:1,1
DA:3,1
DA:15,1
DA:27,3
DA:28,3
DA:31,4
DA:32,4
DA:34,4
DA:35,1
DA:38,5
DA:39,2
DA:42,3
DA:43,3
DA:44,6
DA:45,3
DA:47,3
DA:49,1
LF:17
LH:17
BRDA:32,0,0,4
BRDA:32,0,1,3
BRDA:34,1,0,1
BRDA:34,1,1,3
BRDA:38,2,0,2
BRDA:38,2,1,1
BRF:6
BRH:6
end_of_record
